
2024-05-29 19:32:56 DEBUG AccountService:55 - Client balance updated
2024-05-29 19:32:56 DEBUG AccountService:55 - Client balance updated
2024-05-29 19:32:56 DEBUG AccountService:55 - Client balance updated
2024-05-29 19:32:56 DEBUG AccountService:55 - Client balance updated
2024-05-29 19:32:56 DEBUG AccountService:55 - Client balance updated
2024-05-29 19:32:56 DEBUG AccountService:55 - Client balance updated
2024-05-29 19:32:56 DEBUG AccountService:55 - Client balance updated
2024-05-29 19:33:57 DEBUG AccountService:55 - Client balance updated
2024-05-29 19:33:57 DEBUG AccountService:55 - Client balance updated
2024-05-29 19:33:57 DEBUG AccountService:55 - Client balance updated
2024-05-29 19:33:57 DEBUG AccountService:55 - Client balance updated
2024-05-29 19:33:57 DEBUG AccountService:55 - Client balance updated
2024-05-29 19:33:57 DEBUG AccountService:55 - Client balance updated
2024-05-29 19:33:57 DEBUG AccountService:55 - Client balance updated
2024-05-29 19:34:57 DEBUG AccountService:55 - Client balance updated
2024-05-29 19:34:57 DEBUG AccountService:55 - Client balance updated
2024-05-29 19:34:58 DEBUG AccountService:55 - Client balance updated
2024-05-29 19:34:58 DEBUG AccountService:55 - Client balance updated
2024-05-29 19:34:58 DEBUG AccountService:55 - Client balance updated
2024-05-29 19:34:58 DEBUG AccountService:55 - Client balance updated
2024-05-29 19:34:58 DEBUG AccountService:55 - Client balance updated
2024-05-29 19:35:58 DEBUG AccountService:55 - Client balance updated
2024-05-29 19:35:58 DEBUG AccountService:55 - Client balance updated
2024-05-29 19:35:58 DEBUG AccountService:55 - Client balance updated
2024-05-29 19:35:58 DEBUG AccountService:55 - Client balance updated
2024-05-29 19:35:58 DEBUG AccountService:55 - Client balance updated
2024-05-29 19:35:58 DEBUG AccountService:55 - Client balance updated
2024-05-29 19:36:58 DEBUG AccountService:55 - Client balance updated
2024-05-29 19:36:58 DEBUG AccountService:55 - Client balance updated
2024-05-29 19:36:58 DEBUG AccountService:55 - Client balance updated
2024-05-29 19:36:58 DEBUG AccountService:55 - Client balance updated
2024-05-29 19:36:58 DEBUG AccountService:55 - Client balance updated
2024-05-29 19:36:58 DEBUG AccountService:55 - Client balance updated
2024-05-29 19:37:58 DEBUG AccountService:55 - Client balance updated
2024-05-29 19:37:58 DEBUG AccountService:55 - Client balance updated
2024-05-29 19:37:58 DEBUG AccountService:55 - Client balance updated
2024-05-29 19:37:58 DEBUG AccountService:55 - Client balance updated
2024-05-29 19:37:58 DEBUG AccountService:55 - Client balance updated
2024-05-29 19:37:58 DEBUG AccountService:55 - Client balance updated
2024-05-29 19:38:59 DEBUG AccountService:55 - Client balance updated
2024-05-29 19:38:59 DEBUG AccountService:55 - Client balance updated
2024-05-29 19:38:59 DEBUG AccountService:55 - Client balance updated
2024-05-29 19:38:59 DEBUG AccountService:55 - Client balance updated
2024-05-29 19:38:59 DEBUG AccountService:55 - Client balance updated
2024-05-29 19:38:59 DEBUG AccountService:55 - Client balance updated
2024-05-29 19:39:59 DEBUG AccountService:55 - Client balance updated
2024-05-29 19:39:59 DEBUG AccountService:55 - Client balance updated
2024-05-29 19:39:59 DEBUG AccountService:55 - Client balance updated
2024-05-29 19:39:59 DEBUG AccountService:55 - Client balance updated
2024-05-29 19:39:59 DEBUG AccountService:55 - Client balance updated
2024-05-29 19:41:03 DEBUG AccountService:55 - Client balance updated
2024-05-29 19:41:03 DEBUG AccountService:55 - Client balance updated
2024-05-29 19:41:03 DEBUG AccountService:55 - Client balance updated
2024-05-29 19:41:03 DEBUG AccountService:55 - Client balance updated
2024-05-29 19:41:03 DEBUG AccountService:55 - Client balance updated
2024-05-29 19:42:03 DEBUG AccountService:55 - Client balance updated
2024-05-29 19:42:03 DEBUG AccountService:55 - Client balance updated
2024-05-29 19:42:03 DEBUG AccountService:55 - Client balance updated
2024-05-29 19:43:04 DEBUG AccountService:55 - Client balance updated
2024-05-29 19:43:04 DEBUG AccountService:55 - Client balance updated
2024-05-29 19:43:04 DEBUG AccountService:55 - Client balance updated
2024-05-29 19:44:04 DEBUG AccountService:55 - Client balance updated
2024-05-29 19:44:04 DEBUG AccountService:55 - Client balance updated
2024-05-29 19:44:04 DEBUG AccountService:55 - Client balance updated
2024-05-29 19:49:57 DEBUG AccountService:55 - Client balance updated
2024-05-29 19:49:57 DEBUG AccountService:55 - Client balance updated
2024-05-29 19:50:57 DEBUG AccountService:55 - Client balance updated
2024-05-30 11:59:14 INFO  AccountService:43 - All clients have reached the maximum balance. Skipping balance update.
2024-05-30 12:37:49 INFO  AccountService:43 - All clients have reached the maximum balance. Skipping balance update.
2024-05-30 12:40:10 INFO  AccountService:43 - All clients have reached the maximum balance. Skipping balance update.
2024-05-30 12:41:10 INFO  AccountService:43 - All clients have reached the maximum balance. Skipping balance update.
2024-05-30 12:41:13 INFO  UserController:48 - Запрос на создание пользователя принят
2024-05-30 12:41:13 INFO  AccountService:30 - Account created
2024-05-30 12:41:13 DEBUG UserController:57 - Возникло исключение. Запрос не выполнен
2024-05-30 12:41:27 INFO  UserController:48 - Запрос на создание пользователя принят
2024-05-30 12:41:27 INFO  AccountService:30 - Account created
2024-05-30 12:41:27 DEBUG UserController:57 - Возникло исключение. Запрос не выполнен
2024-05-30 12:41:39 INFO  UserController:48 - Запрос на создание пользователя принят
2024-05-30 12:41:39 INFO  AccountService:30 - Account created
2024-05-30 12:41:39 DEBUG UserController:57 - Возникло исключение. Запрос не выполнен
2024-05-30 12:42:10 INFO  AccountService:43 - All clients have reached the maximum balance. Skipping balance update.
2024-05-30 12:43:10 INFO  AccountService:43 - All clients have reached the maximum balance. Skipping balance update.
2024-05-30 12:43:18 INFO  UserController:48 - Запрос на создание пользователя принят
2024-05-30 12:43:18 INFO  AccountService:30 - Account created
2024-05-30 12:43:18 DEBUG UserController:57 - Возникло исключение. Запрос не выполнен
2024-05-30 12:43:19 INFO  UserController:48 - Запрос на создание пользователя принят
2024-05-30 12:43:19 INFO  AccountService:30 - Account created
2024-05-30 12:43:19 DEBUG UserController:57 - Возникло исключение. Запрос не выполнен
2024-05-30 12:51:02 INFO  AccountService:43 - All clients have reached the maximum balance. Skipping balance update.
2024-05-30 12:51:33 INFO  UserController:48 - Запрос на создание пользователя принят
2024-05-30 12:51:33 INFO  AccountService:30 - Account created
2024-05-30 12:51:34 INFO  UserService:67 - User created
2024-05-30 12:51:53 INFO  UserController:48 - Запрос на создание пользователя принят
2024-05-30 12:51:53 INFO  AccountService:30 - Account created
2024-05-30 12:51:53 INFO  UserService:67 - User created
2024-05-30 12:52:02 DEBUG AccountService:55 - Client balance updated
2024-05-30 12:52:02 DEBUG AccountService:55 - Client balance updated
2024-05-30 12:52:44 INFO  AuthController:39 - Запрос на аутентификацию получен
2024-05-30 12:53:02 DEBUG AccountService:55 - Client balance updated
2024-05-30 12:53:02 DEBUG AccountService:55 - Client balance updated
2024-05-30 12:53:41 INFO  AccountController:31 - Запрос на перевод принят
2024-05-30 12:53:41 INFO  AccountService:76 - Деньги переведены успешно
2024-05-30 12:54:02 DEBUG AccountService:55 - Client balance updated
2024-05-30 12:54:02 DEBUG AccountService:55 - Client balance updated
2024-05-30 12:55:07 DEBUG AccountService:55 - Client balance updated
2024-05-30 12:55:07 DEBUG AccountService:55 - Client balance updated
2024-05-30 12:55:12 INFO  UserController:70 - Запрос на поиск принят
2024-05-30 12:55:16 INFO  UserController:70 - Запрос на поиск принят
2024-05-30 12:56:07 DEBUG AccountService:55 - Client balance updated
2024-05-30 12:56:07 DEBUG AccountService:55 - Client balance updated
2024-05-30 12:56:40 INFO  AuthController:39 - Запрос на аутентификацию получен
2024-05-30 12:57:05 INFO  UserController:70 - Запрос на поиск принят
2024-05-30 12:57:07 DEBUG AccountService:55 - Client balance updated
2024-05-30 12:57:07 DEBUG AccountService:55 - Client balance updated
2024-05-30 12:58:08 DEBUG AccountService:55 - Client balance updated
2024-05-30 12:58:08 DEBUG AccountService:55 - Client balance updated
2024-05-30 12:59:08 DEBUG AccountService:55 - Client balance updated
2024-05-30 12:59:08 DEBUG AccountService:55 - Client balance updated
2024-05-30 12:59:29 INFO  UserController:70 - Запрос на поиск принят
2024-05-30 12:59:31 INFO  UserController:70 - Запрос на поиск принят
2024-05-30 13:00:08 DEBUG AccountService:55 - Client balance updated
2024-05-30 13:00:08 DEBUG AccountService:55 - Client balance updated
2024-05-30 13:01:08 DEBUG AccountService:55 - Client balance updated
2024-05-30 13:01:08 DEBUG AccountService:55 - Client balance updated
2024-05-30 13:02:08 DEBUG AccountService:55 - Client balance updated
2024-05-30 13:02:08 DEBUG AccountService:55 - Client balance updated
2024-05-30 13:03:08 DEBUG AccountService:55 - Client balance updated
2024-05-30 13:03:08 DEBUG AccountService:55 - Client balance updated
2024-05-30 13:04:08 DEBUG AccountService:55 - Client balance updated
2024-05-30 13:04:08 DEBUG AccountService:55 - Client balance updated
2024-05-30 13:05:08 DEBUG AccountService:55 - Client balance updated
2024-05-30 13:06:08 DEBUG AccountService:55 - Client balance updated
2024-05-30 13:06:31 DEBUG AccountService:55 - Client balance updated
2024-05-30 13:06:50 INFO  UserController:70 - Запрос на поиск принят
2024-05-30 13:08:11 INFO  AccountService:43 - All clients have reached the maximum balance. Skipping balance update.
2024-05-30 13:08:12 INFO  AccountService:76 - Деньги переведены успешно
2024-05-30 13:08:12 DEBUG AccountService:65 - Невозможно перевести деньги
2024-05-30 13:09:24 INFO  AccountController:31 - Запрос на перевод принят
2024-05-30 13:09:24 INFO  AccountService:76 - Деньги переведены успешно
2024-05-30 13:09:40 INFO  UserController:70 - Запрос на поиск принят
2024-05-30 13:15:21 DEBUG AccountService:55 - Баланс клиента обновлен
2024-05-30 13:16:54 INFO  UserController:48 - Запрос на создание пользователя принят
2024-05-30 13:16:54 INFO  AccountService:30 - Аккаунт создан
2024-05-30 13:16:54 INFO  UserService:67 - Пользователь создан
2024-05-30 13:17:24 DEBUG AccountService:55 - Баланс клиента обновлен
2024-05-30 13:18:24 DEBUG AccountService:55 - Баланс клиента обновлен
2024-05-30 13:39:44 DEBUG AccountService:55 - Баланс клиента обновлен
2024-05-30 13:40:44 DEBUG AccountService:55 - Баланс клиента обновлен
2024-05-30 13:41:44 DEBUG AccountService:55 - Баланс клиента обновлен
2024-05-30 13:47:22 INFO  AccountService:43 - Баланс всех пользователей достиг максимума
2024-05-30 13:47:23 INFO  AccountService:76 - Деньги переведены успешно
2024-05-30 13:47:23 DEBUG AccountService:65 - Невозможно перевести деньги
2024-05-30 13:47:26 DEBUG AccountService:55 - Баланс клиента обновлен
2024-05-30 13:47:35 INFO  AccountService:43 - Баланс всех пользователей достиг максимума
2024-05-30 13:47:35 INFO  AccountService:76 - Деньги переведены успешно
2024-05-30 13:47:36 DEBUG AccountService:65 - Невозможно перевести деньги
2024-05-30 14:35:40 INFO  AccountService:43 - Баланс всех пользователей достиг максимума
2024-05-30 14:35:41 INFO  AccountService:76 - Деньги переведены успешно
2024-05-30 14:35:41 DEBUG AccountService:65 - Невозможно перевести деньги
2024-05-30 14:35:54 INFO  AccountService:43 - Баланс всех пользователей достиг максимума
2024-05-30 14:35:54 INFO  AccountService:76 - Деньги переведены успешно
2024-05-30 14:35:54 DEBUG AccountService:65 - Невозможно перевести деньги
2024-05-30 15:44:16 INFO  AccountService:43 - Баланс всех пользователей достиг максимума
2024-05-30 18:12:37 INFO  AccountService:43 - Баланс всех пользователей достиг максимума
2024-05-30 18:13:37 INFO  AccountService:43 - Баланс всех пользователей достиг максимума
2024-05-30 18:15:07 INFO  AccountService:43 - Баланс всех пользователей достиг максимума
2024-05-30 18:16:07 INFO  AccountService:43 - Баланс всех пользователей достиг максимума
2024-05-30 18:16:12 INFO  UserController:48 - Запрос на создание пользователя принят
2024-05-30 18:16:12 INFO  AccountService:30 - Аккаунт создан
2024-05-30 18:16:13 INFO  UserService:67 - Пользователь создан
2024-05-30 18:17:07 DEBUG AccountService:55 - Баланс клиента обновлен
2024-05-30 18:17:22 INFO  UserController:48 - Запрос на создание пользователя принят
2024-05-30 18:17:22 INFO  AccountService:30 - Аккаунт создан
2024-05-30 18:17:22 INFO  UserService:67 - Пользователь создан
2024-05-30 18:18:08 DEBUG AccountService:55 - Баланс клиента обновлен
2024-05-30 18:18:08 DEBUG AccountService:55 - Баланс клиента обновлен
2024-05-30 18:18:32 INFO  AuthController:39 - Запрос на аутентификацию получен
2024-05-30 18:19:08 DEBUG AccountService:55 - Баланс клиента обновлен
2024-05-30 18:19:08 DEBUG AccountService:55 - Баланс клиента обновлен
2024-05-30 18:19:48 INFO  UserController:70 - Запрос на поиск принят
2024-05-30 18:20:08 DEBUG AccountService:55 - Баланс клиента обновлен
2024-05-30 18:20:08 DEBUG AccountService:55 - Баланс клиента обновлен
2024-05-30 18:21:01 INFO  UserController:70 - Запрос на поиск принят
2024-05-30 18:21:08 DEBUG AccountService:55 - Баланс клиента обновлен
2024-05-30 18:21:08 DEBUG AccountService:55 - Баланс клиента обновлен
2024-05-30 18:21:32 INFO  UserController:70 - Запрос на поиск принят
2024-05-30 18:22:09 DEBUG AccountService:55 - Баланс клиента обновлен
2024-05-30 18:22:09 DEBUG AccountService:55 - Баланс клиента обновлен
2024-05-30 18:23:47 DEBUG AccountService:55 - Баланс клиента обновлен
2024-05-30 18:23:47 DEBUG AccountService:55 - Баланс клиента обновлен
2024-05-30 18:24:56 INFO  AccountController:31 - Запрос на перевод принят
2024-05-30 18:24:56 DEBUG AccountController:38 - Возникло исключение. Невозможно выполнить перевод денег
2024-05-30 18:25:14 DEBUG AccountService:55 - Баланс клиента обновлен
2024-05-30 18:25:14 DEBUG AccountService:55 - Баланс клиента обновлен
2024-05-30 18:26:06 INFO  AccountController:31 - Запрос на перевод принят
2024-05-30 18:26:06 INFO  AccountService:76 - Деньги переведены успешно
2024-05-30 18:26:14 DEBUG AccountService:55 - Баланс клиента обновлен
2024-05-30 18:26:14 DEBUG AccountService:55 - Баланс клиента обновлен
2024-05-30 18:27:14 DEBUG AccountService:55 - Баланс клиента обновлен
2024-05-30 18:27:14 DEBUG AccountService:55 - Баланс клиента обновлен
